<?xml version="1.0" encoding="UTF-8"?>
<testng-results skipped="0" failed="0" total="1" passed="1">
  <reporter-output>
    <line>
      <![CDATA[==========#ebay Test Case========]]>
    </line>
    <line>
      <![CDATA[Kennards Wentworthville ParcelPoint
409 Great Western Highway
Wentworthville, NSW 2145Open: Mon-Fri 8am-5.30pm, Sat 9am-5pm, Sun 10am-4pm ContainsKennards Wentworthville ParcelPoint Hence pass]]>
    </line>
  </reporter-output>
  <suite name="Suite" duration-ms="30886" started-at="2018-05-09T23:32:12Z" finished-at="2018-05-09T23:32:43Z">
    <groups>
    </groups>
    <test name="Test" duration-ms="30886" started-at="2018-05-09T23:32:12Z" finished-at="2018-05-09T23:32:43Z">
      <class name="com.Pracelpoint.testing.PracelRegression_Suite.TestExecution">
        <test-method status="PASS" signature="driverSetup(java.lang.String)[pri:0, instance:com.Pracelpoint.testing.PracelRegression_Suite.TestExecution@1a968a59]" name="driverSetup" is-config="true" duration-ms="25" started-at="2018-05-10T09:32:12Z" finished-at="2018-05-10T09:32:12Z">
          <params>
            <param index="0">
              <value>
                <![CDATA[test]]>
              </value>
            </param>
          </params>
          <reporter-output>
          </reporter-output>
        </test-method> <!-- driverSetup -->
        <test-method status="PASS" signature="LaunchBrowser(java.lang.String)[pri:0, instance:com.Pracelpoint.testing.PracelRegression_Suite.TestExecution@1a968a59]" name="LaunchBrowser" is-config="true" duration-ms="5258" started-at="2018-05-10T09:32:12Z" finished-at="2018-05-10T09:32:17Z">
          <params>
            <param index="0">
              <value>
                <![CDATA[chrome]]>
              </value>
            </param>
          </params>
          <reporter-output>
          </reporter-output>
        </test-method> <!-- LaunchBrowser -->
        <test-method status="PASS" signature="PracelpointLaunch_Verify()[pri:0, instance:com.Pracelpoint.testing.PracelRegression_Suite.TestExecution@1a968a59]" name="PracelpointLaunch_Verify" duration-ms="25594" started-at="2018-05-10T09:32:17Z" finished-at="2018-05-10T09:32:43Z">
          <reporter-output>
            <line>
              <![CDATA[==========#ebay Test Case========]]>
            </line>
            <line>
              <![CDATA[Kennards Wentworthville ParcelPoint
409 Great Western Highway
Wentworthville, NSW 2145Open: Mon-Fri 8am-5.30pm, Sat 9am-5pm, Sun 10am-4pm ContainsKennards Wentworthville ParcelPoint Hence pass]]>
            </line>
          </reporter-output>
        </test-method> <!-- PracelpointLaunch_Verify -->
      </class> <!-- com.Pracelpoint.testing.PracelRegression_Suite.TestExecution -->
    </test> <!-- Test -->
  </suite> <!-- Suite -->
</testng-results>
